2023-09-23 12:28:06,002 - MHScrapper - INFO - Ministry of Health data scrapping has started test mode...
2023-09-23 12:28:14,148 - MHScrapper - INFO - getting table tag element for page 1
2023-09-23 12:28:14,283 - MHScrapper - INFO - page:1, row:1
2023-09-23 12:28:15,437 - MHScrapper - INFO - page:1, row:2
2023-09-23 12:28:16,237 - MHScrapper - INFO - page:1, row:3
2023-09-23 12:28:17,193 - MHScrapper - INFO - page:1, row:4
2023-09-23 12:28:18,030 - MHScrapper - INFO - page:1, row:5
2023-09-23 12:28:18,780 - MHScrapper - INFO - page:1, row:6
2023-09-23 12:28:19,521 - MHScrapper - INFO - page:1, row:7
2023-09-23 12:28:20,264 - MHScrapper - INFO - page:1, row:8
2023-09-23 12:28:20,977 - MHScrapper - INFO - page:1, row:9
2023-09-23 12:28:21,687 - MHScrapper - INFO - page:1, row:10
2023-09-23 12:28:22,402 - MHScrapper - INFO - page:1, row:11
2023-09-23 12:28:23,148 - MHScrapper - INFO - page:1, row:12
2023-09-23 12:28:23,921 - MHScrapper - INFO - page:1, row:13
2023-09-23 12:28:24,643 - MHScrapper - INFO - page:1, row:14
2023-09-23 12:28:25,363 - MHScrapper - INFO - page:1, row:15
2023-09-23 12:28:41,841 - MHScrapper - INFO - Ministry of Health data scrapping has started test mode...
2023-09-23 12:28:49,284 - MHScrapper - INFO - getting table tag element for page 20
2023-09-23 12:28:49,365 - MHScrapper - INFO - page:20, row:1
2023-09-23 12:28:50,338 - MHScrapper - INFO - page:20, row:2
2023-09-23 12:28:51,041 - MHScrapper - INFO - page:20, row:3
2023-09-23 12:28:51,765 - MHScrapper - INFO - page:20, row:4
2023-09-23 12:28:52,455 - MHScrapper - INFO - page:20, row:5
2023-09-23 12:28:53,117 - MHScrapper - INFO - page:20, row:6
2023-09-23 12:28:53,833 - MHScrapper - INFO - page:20, row:7
2023-09-23 12:28:54,532 - MHScrapper - INFO - page:20, row:8
2023-09-23 12:28:55,258 - MHScrapper - INFO - page:20, row:9
2023-09-23 12:28:55,964 - MHScrapper - INFO - page:20, row:10
2023-09-23 12:28:56,662 - MHScrapper - INFO - page:20, row:11
2023-09-23 12:28:57,517 - MHScrapper - INFO - page:20, row:12
2023-09-23 12:28:58,182 - MHScrapper - INFO - page:20, row:13
2023-09-23 12:28:58,791 - MHScrapper - INFO - page:20, row:14
2023-09-23 12:28:59,410 - MHScrapper - INFO - page:20, row:15
2023-09-23 12:29:00,177 - MHScrapper - INFO - page:20, row:16
2023-09-23 12:29:00,865 - MHScrapper - INFO - page:20, row:17
2023-09-23 12:29:01,515 - MHScrapper - INFO - page:20, row:18
2023-09-23 12:29:02,176 - MHScrapper - INFO - page:20, row:19
2023-09-23 12:29:02,887 - MHScrapper - INFO - page:20, row:20
2023-09-23 12:29:03,718 - MHScrapper - INFO - page:20, row:21
2023-09-23 12:29:04,353 - MHScrapper - INFO - page:20, row:22
2023-09-23 12:29:05,041 - MHScrapper - INFO - page:20, row:23
2023-09-23 12:29:05,717 - MHScrapper - INFO - page:20, row:24
2023-09-23 12:29:06,419 - MHScrapper - INFO - page:20, row:25
2023-09-23 12:29:07,150 - MHScrapper - INFO - page:20, row:26
2023-09-23 12:29:07,872 - MHScrapper - INFO - page:20, row:27
2023-09-23 12:29:08,616 - MHScrapper - INFO - page:20, row:28
2023-09-23 12:29:09,329 - MHScrapper - INFO - page:20, row:29
2023-09-23 12:29:10,037 - MHScrapper - INFO - page:20, row:30
2023-09-23 12:29:10,762 - MHScrapper - INFO - page:20, row:31
2023-09-23 12:29:11,447 - MHScrapper - INFO - page:20, row:32
2023-09-23 12:29:12,209 - MHScrapper - INFO - page:20, row:33
2023-09-23 12:29:12,962 - MHScrapper - INFO - page:20, row:34
2023-09-23 12:43:02,062 - MHScrapper - INFO - Ministry of Health data scrapping has started test mode...
2023-09-23 12:43:09,854 - MHScrapper - INFO - getting table tag element for page 20
2023-09-23 12:43:09,911 - MHScrapper - INFO - page:20, row:1
2023-09-23 12:43:10,732 - MHScrapper - INFO - page:20, row:2
2023-09-23 12:43:11,448 - MHScrapper - INFO - page:20, row:3
2023-09-23 12:43:12,147 - MHScrapper - INFO - page:20, row:4
2023-09-23 12:43:12,875 - MHScrapper - INFO - page:20, row:5
2023-09-23 12:43:13,642 - MHScrapper - INFO - page:20, row:6
2023-09-23 12:43:14,500 - MHScrapper - INFO - page:20, row:7
2023-09-23 12:43:15,325 - MHScrapper - INFO - page:20, row:8
2023-09-23 12:43:16,004 - MHScrapper - INFO - page:20, row:9
2023-09-23 12:43:16,714 - MHScrapper - INFO - page:20, row:10
2023-09-23 12:43:17,441 - MHScrapper - INFO - page:20, row:11
2023-09-23 12:43:18,255 - MHScrapper - INFO - page:20, row:12
2023-09-23 12:43:19,001 - MHScrapper - INFO - page:20, row:13
2023-09-23 12:43:19,783 - MHScrapper - INFO - page:20, row:14
2023-09-23 12:43:20,521 - MHScrapper - INFO - page:20, row:15
2023-09-23 12:43:35,839 - MHScrapper - INFO - Ministry of Health data scrapping has started test mode...
2023-09-23 12:43:42,923 - MHScrapper - INFO - getting table tag element for page 20
2023-09-23 12:43:42,953 - MHScrapper - INFO - page:20, row:1
2023-09-23 12:43:43,782 - MHScrapper - INFO - page:20, row:2
2023-09-23 12:43:44,505 - MHScrapper - INFO - page:20, row:3
2023-09-23 12:43:45,248 - MHScrapper - INFO - page:20, row:4
2023-09-23 12:43:45,924 - MHScrapper - INFO - page:20, row:5
2023-09-23 12:43:46,634 - MHScrapper - ERROR - An error occurred while scraping the data
Traceback (most recent call last):
  File "C:\Users\HP\PycharmProjects\altschool-2nd-capstone\src\extraction_script.py", line 53, in scrape_mh_data
    if (self.test is True) and (self.current_page % 3 == 2):   # for testing purposes
AttributeError: 'MHScrapper' object has no attribute 'test'
2023-09-23 12:43:46,644 - MHScrapper - INFO - getting table tag element for page 20
2023-09-23 12:43:46,664 - MHScrapper - INFO - page:20, row:1
2023-09-23 12:43:47,396 - MHScrapper - INFO - page:20, row:2
2023-09-23 12:43:48,144 - MHScrapper - INFO - page:20, row:3
2023-09-23 12:43:48,912 - MHScrapper - INFO - page:20, row:4
2023-09-23 12:43:49,643 - MHScrapper - INFO - page:20, row:5
2023-09-23 12:43:50,375 - MHScrapper - ERROR - An error occurred while scraping the data
Traceback (most recent call last):
  File "C:\Users\HP\PycharmProjects\altschool-2nd-capstone\src\extraction_script.py", line 53, in scrape_mh_data
    if (self.test is True) and (self.current_page % 3 == 2):   # for testing purposes
AttributeError: 'MHScrapper' object has no attribute 'test'
2023-09-23 12:43:50,384 - MHScrapper - INFO - getting table tag element for page 20
2023-09-23 12:43:50,406 - MHScrapper - INFO - page:20, row:1
2023-09-23 12:43:51,161 - MHScrapper - INFO - page:20, row:2
2023-09-23 12:43:51,910 - MHScrapper - INFO - page:20, row:3
2023-09-23 12:43:52,647 - MHScrapper - INFO - page:20, row:4
2023-09-23 12:43:53,407 - MHScrapper - INFO - page:20, row:5
2023-09-23 12:43:54,148 - MHScrapper - ERROR - An error occurred while scraping the data
Traceback (most recent call last):
  File "C:\Users\HP\PycharmProjects\altschool-2nd-capstone\src\extraction_script.py", line 53, in scrape_mh_data
    if (self.test is True) and (self.current_page % 3 == 2):   # for testing purposes
AttributeError: 'MHScrapper' object has no attribute 'test'
2023-09-23 12:43:54,158 - MHScrapper - INFO - getting table tag element for page 20
2023-09-23 12:43:54,180 - MHScrapper - INFO - page:20, row:1
2023-09-23 12:43:54,904 - MHScrapper - INFO - page:20, row:2
2023-09-23 12:43:55,644 - MHScrapper - INFO - page:20, row:3
2023-09-23 12:43:56,433 - MHScrapper - INFO - page:20, row:4
2023-09-23 12:43:57,268 - MHScrapper - INFO - page:20, row:5
2023-09-23 12:43:57,993 - MHScrapper - ERROR - An error occurred while scraping the data
Traceback (most recent call last):
  File "C:\Users\HP\PycharmProjects\altschool-2nd-capstone\src\extraction_script.py", line 53, in scrape_mh_data
    if (self.test is True) and (self.current_page % 3 == 2):   # for testing purposes
AttributeError: 'MHScrapper' object has no attribute 'test'
2023-09-23 12:43:58,005 - MHScrapper - INFO - getting table tag element for page 20
2023-09-23 12:43:58,029 - MHScrapper - INFO - page:20, row:1
2023-09-23 12:43:58,726 - MHScrapper - INFO - page:20, row:2
2023-09-23 12:43:59,344 - MHScrapper - INFO - page:20, row:3
2023-09-23 12:44:00,095 - MHScrapper - INFO - page:20, row:4
2023-09-23 12:44:00,836 - MHScrapper - INFO - page:20, row:5
2023-09-23 12:44:01,537 - MHScrapper - ERROR - An error occurred while scraping the data
Traceback (most recent call last):
  File "C:\Users\HP\PycharmProjects\altschool-2nd-capstone\src\extraction_script.py", line 53, in scrape_mh_data
    if (self.test is True) and (self.current_page % 3 == 2):   # for testing purposes
AttributeError: 'MHScrapper' object has no attribute 'test'
2023-09-23 12:44:01,545 - MHScrapper - INFO - getting table tag element for page 20
2023-09-23 12:44:01,563 - MHScrapper - INFO - page:20, row:1
2023-09-23 12:44:02,237 - MHScrapper - INFO - page:20, row:2
2023-09-23 12:44:02,960 - MHScrapper - INFO - page:20, row:3
2023-09-23 12:44:03,751 - MHScrapper - INFO - page:20, row:4
2023-09-23 12:44:04,493 - MHScrapper - INFO - page:20, row:5
2023-09-23 12:44:05,230 - MHScrapper - ERROR - An error occurred while scraping the data
Traceback (most recent call last):
  File "C:\Users\HP\PycharmProjects\altschool-2nd-capstone\src\extraction_script.py", line 53, in scrape_mh_data
    if (self.test is True) and (self.current_page % 3 == 2):   # for testing purposes
AttributeError: 'MHScrapper' object has no attribute 'test'
2023-09-23 12:44:05,241 - MHScrapper - INFO - getting table tag element for page 20
2023-09-23 12:44:05,262 - MHScrapper - INFO - page:20, row:1
2023-09-23 12:44:05,949 - MHScrapper - INFO - page:20, row:2
2023-09-23 12:44:06,623 - MHScrapper - INFO - page:20, row:3
2023-09-23 12:44:07,278 - MHScrapper - INFO - page:20, row:4
2023-09-23 12:44:08,032 - MHScrapper - INFO - page:20, row:5
2023-09-23 12:44:08,823 - MHScrapper - ERROR - An error occurred while scraping the data
Traceback (most recent call last):
  File "C:\Users\HP\PycharmProjects\altschool-2nd-capstone\src\extraction_script.py", line 53, in scrape_mh_data
    if (self.test is True) and (self.current_page % 3 == 2):   # for testing purposes
AttributeError: 'MHScrapper' object has no attribute 'test'
2023-09-23 12:44:08,833 - MHScrapper - INFO - getting table tag element for page 20
2023-09-23 12:44:08,852 - MHScrapper - INFO - page:20, row:1
2023-09-23 12:44:09,601 - MHScrapper - INFO - page:20, row:2
2023-09-23 12:44:10,412 - MHScrapper - INFO - page:20, row:3
2023-09-23 12:44:11,163 - MHScrapper - INFO - page:20, row:4
2023-09-23 12:44:11,930 - MHScrapper - INFO - page:20, row:5
2023-09-23 12:44:12,683 - MHScrapper - ERROR - An error occurred while scraping the data
Traceback (most recent call last):
  File "C:\Users\HP\PycharmProjects\altschool-2nd-capstone\src\extraction_script.py", line 53, in scrape_mh_data
    if (self.test is True) and (self.current_page % 3 == 2):   # for testing purposes
AttributeError: 'MHScrapper' object has no attribute 'test'
2023-09-23 12:44:12,692 - MHScrapper - INFO - getting table tag element for page 20
2023-09-23 12:44:12,715 - MHScrapper - INFO - page:20, row:1
2023-09-23 12:44:13,402 - MHScrapper - INFO - page:20, row:2
2023-09-23 12:44:14,124 - MHScrapper - INFO - page:20, row:3
2023-09-23 12:44:14,928 - MHScrapper - INFO - page:20, row:4
2023-09-23 12:44:15,665 - MHScrapper - INFO - page:20, row:5
2023-09-23 12:44:16,507 - MHScrapper - ERROR - An error occurred while scraping the data
Traceback (most recent call last):
  File "C:\Users\HP\PycharmProjects\altschool-2nd-capstone\src\extraction_script.py", line 53, in scrape_mh_data
    if (self.test is True) and (self.current_page % 3 == 2):   # for testing purposes
AttributeError: 'MHScrapper' object has no attribute 'test'
2023-09-23 12:44:16,520 - MHScrapper - INFO - getting table tag element for page 20
2023-09-23 12:44:16,544 - MHScrapper - INFO - page:20, row:1
2023-09-23 12:44:17,346 - MHScrapper - INFO - page:20, row:2
2023-09-23 12:44:18,036 - MHScrapper - INFO - page:20, row:3
2023-09-23 12:44:18,734 - MHScrapper - INFO - page:20, row:4
2023-09-23 12:44:19,433 - MHScrapper - INFO - page:20, row:5
2023-09-23 12:44:20,213 - MHScrapper - ERROR - An error occurred while scraping the data
Traceback (most recent call last):
  File "C:\Users\HP\PycharmProjects\altschool-2nd-capstone\src\extraction_script.py", line 53, in scrape_mh_data
    if (self.test is True) and (self.current_page % 3 == 2):   # for testing purposes
AttributeError: 'MHScrapper' object has no attribute 'test'
2023-09-23 12:44:20,222 - MHScrapper - INFO - getting table tag element for page 20
2023-09-23 12:44:20,244 - MHScrapper - INFO - page:20, row:1
2023-09-23 12:44:21,012 - MHScrapper - INFO - page:20, row:2
2023-09-23 12:44:21,799 - MHScrapper - INFO - page:20, row:3
2023-09-23 12:44:22,495 - MHScrapper - INFO - page:20, row:4
2023-09-23 12:44:23,227 - MHScrapper - INFO - page:20, row:5
2023-09-23 12:44:23,968 - MHScrapper - ERROR - An error occurred while scraping the data
Traceback (most recent call last):
  File "C:\Users\HP\PycharmProjects\altschool-2nd-capstone\src\extraction_script.py", line 53, in scrape_mh_data
    if (self.test is True) and (self.current_page % 3 == 2):   # for testing purposes
AttributeError: 'MHScrapper' object has no attribute 'test'
2023-09-23 12:44:23,979 - MHScrapper - INFO - getting table tag element for page 20
2023-09-23 12:44:24,001 - MHScrapper - INFO - page:20, row:1
2023-09-23 12:44:24,719 - MHScrapper - INFO - page:20, row:2
2023-09-23 12:44:25,412 - MHScrapper - INFO - page:20, row:3
2023-09-23 12:44:26,085 - MHScrapper - INFO - page:20, row:4
2023-09-23 12:44:26,750 - MHScrapper - INFO - page:20, row:5
2023-09-23 12:44:27,507 - MHScrapper - ERROR - An error occurred while scraping the data
Traceback (most recent call last):
  File "C:\Users\HP\PycharmProjects\altschool-2nd-capstone\src\extraction_script.py", line 53, in scrape_mh_data
    if (self.test is True) and (self.current_page % 3 == 2):   # for testing purposes
AttributeError: 'MHScrapper' object has no attribute 'test'
2023-09-23 12:44:27,516 - MHScrapper - INFO - getting table tag element for page 20
2023-09-23 12:44:27,535 - MHScrapper - INFO - page:20, row:1
2023-09-23 12:44:28,281 - MHScrapper - INFO - page:20, row:2
2023-09-23 12:44:28,938 - MHScrapper - INFO - page:20, row:3
2023-09-23 12:44:29,634 - MHScrapper - INFO - page:20, row:4
2023-09-23 12:44:30,277 - MHScrapper - INFO - page:20, row:5
2023-09-23 12:44:30,926 - MHScrapper - ERROR - An error occurred while scraping the data
Traceback (most recent call last):
  File "C:\Users\HP\PycharmProjects\altschool-2nd-capstone\src\extraction_script.py", line 53, in scrape_mh_data
    if (self.test is True) and (self.current_page % 3 == 2):   # for testing purposes
AttributeError: 'MHScrapper' object has no attribute 'test'
2023-09-23 12:44:30,935 - MHScrapper - INFO - getting table tag element for page 20
2023-09-23 12:44:30,954 - MHScrapper - INFO - page:20, row:1
2023-09-23 12:44:31,604 - MHScrapper - INFO - page:20, row:2
2023-09-23 12:44:32,275 - MHScrapper - INFO - page:20, row:3
2023-09-23 12:44:32,949 - MHScrapper - INFO - page:20, row:4
2023-09-23 12:44:33,712 - MHScrapper - INFO - page:20, row:5
2023-09-23 12:44:34,456 - MHScrapper - ERROR - An error occurred while scraping the data
Traceback (most recent call last):
  File "C:\Users\HP\PycharmProjects\altschool-2nd-capstone\src\extraction_script.py", line 53, in scrape_mh_data
    if (self.test is True) and (self.current_page % 3 == 2):   # for testing purposes
AttributeError: 'MHScrapper' object has no attribute 'test'
2023-09-23 12:44:34,467 - MHScrapper - INFO - getting table tag element for page 20
2023-09-23 12:44:34,490 - MHScrapper - INFO - page:20, row:1
2023-09-23 12:44:35,169 - MHScrapper - INFO - page:20, row:2
2023-09-23 12:44:35,944 - MHScrapper - INFO - page:20, row:3
2023-09-23 12:44:36,631 - MHScrapper - INFO - page:20, row:4
2023-09-23 12:44:37,385 - MHScrapper - INFO - page:20, row:5
2023-09-23 12:44:38,092 - MHScrapper - ERROR - An error occurred while scraping the data
Traceback (most recent call last):
  File "C:\Users\HP\PycharmProjects\altschool-2nd-capstone\src\extraction_script.py", line 53, in scrape_mh_data
    if (self.test is True) and (self.current_page % 3 == 2):   # for testing purposes
AttributeError: 'MHScrapper' object has no attribute 'test'
2023-09-23 12:44:38,103 - MHScrapper - INFO - getting table tag element for page 20
2023-09-23 12:44:38,122 - MHScrapper - INFO - page:20, row:1
2023-09-23 12:44:38,849 - MHScrapper - INFO - page:20, row:2
2023-09-23 12:44:39,601 - MHScrapper - INFO - page:20, row:3
2023-09-23 12:44:40,262 - MHScrapper - INFO - page:20, row:4
2023-09-23 12:44:40,939 - MHScrapper - INFO - page:20, row:5
2023-09-23 12:44:41,788 - MHScrapper - ERROR - An error occurred while scraping the data
Traceback (most recent call last):
  File "C:\Users\HP\PycharmProjects\altschool-2nd-capstone\src\extraction_script.py", line 53, in scrape_mh_data
    if (self.test is True) and (self.current_page % 3 == 2):   # for testing purposes
AttributeError: 'MHScrapper' object has no attribute 'test'
2023-09-23 12:44:41,797 - MHScrapper - INFO - getting table tag element for page 20
2023-09-23 12:44:41,819 - MHScrapper - INFO - page:20, row:1
2023-09-23 12:44:42,471 - MHScrapper - INFO - page:20, row:2
2023-09-23 12:44:43,241 - MHScrapper - INFO - page:20, row:3
2023-09-23 12:44:43,979 - MHScrapper - INFO - page:20, row:4
2023-09-23 12:44:44,671 - MHScrapper - INFO - page:20, row:5
2023-09-23 12:44:45,377 - MHScrapper - ERROR - An error occurred while scraping the data
Traceback (most recent call last):
  File "C:\Users\HP\PycharmProjects\altschool-2nd-capstone\src\extraction_script.py", line 53, in scrape_mh_data
    if (self.test is True) and (self.current_page % 3 == 2):   # for testing purposes
AttributeError: 'MHScrapper' object has no attribute 'test'
2023-09-23 12:44:45,386 - MHScrapper - INFO - getting table tag element for page 20
2023-09-23 12:44:45,407 - MHScrapper - INFO - page:20, row:1
2023-09-23 12:44:46,149 - MHScrapper - INFO - page:20, row:2
2023-09-23 12:44:46,939 - MHScrapper - INFO - page:20, row:3
2023-09-23 12:44:47,682 - MHScrapper - INFO - page:20, row:4
2023-09-23 12:44:48,395 - MHScrapper - INFO - page:20, row:5
2023-09-23 12:44:49,105 - MHScrapper - ERROR - An error occurred while scraping the data
Traceback (most recent call last):
  File "C:\Users\HP\PycharmProjects\altschool-2nd-capstone\src\extraction_script.py", line 53, in scrape_mh_data
    if (self.test is True) and (self.current_page % 3 == 2):   # for testing purposes
AttributeError: 'MHScrapper' object has no attribute 'test'
2023-09-23 12:44:49,114 - MHScrapper - INFO - getting table tag element for page 20
2023-09-23 12:44:49,133 - MHScrapper - INFO - page:20, row:1
2023-09-23 12:44:49,856 - MHScrapper - INFO - page:20, row:2
2023-09-23 12:44:50,553 - MHScrapper - INFO - page:20, row:3
2023-09-23 12:44:51,256 - MHScrapper - INFO - page:20, row:4
2023-09-23 12:44:51,961 - MHScrapper - INFO - page:20, row:5
2023-09-23 12:44:52,665 - MHScrapper - ERROR - An error occurred while scraping the data
Traceback (most recent call last):
  File "C:\Users\HP\PycharmProjects\altschool-2nd-capstone\src\extraction_script.py", line 53, in scrape_mh_data
    if (self.test is True) and (self.current_page % 3 == 2):   # for testing purposes
AttributeError: 'MHScrapper' object has no attribute 'test'
2023-09-23 12:44:52,676 - MHScrapper - INFO - getting table tag element for page 20
2023-09-23 12:44:52,698 - MHScrapper - INFO - page:20, row:1
2023-09-23 12:44:53,408 - MHScrapper - INFO - page:20, row:2
2023-09-23 12:44:54,104 - MHScrapper - INFO - page:20, row:3
2023-09-23 12:44:54,825 - MHScrapper - INFO - page:20, row:4
2023-09-23 12:44:55,531 - MHScrapper - INFO - page:20, row:5
2023-09-23 12:44:56,224 - MHScrapper - ERROR - An error occurred while scraping the data
Traceback (most recent call last):
  File "C:\Users\HP\PycharmProjects\altschool-2nd-capstone\src\extraction_script.py", line 53, in scrape_mh_data
    if (self.test is True) and (self.current_page % 3 == 2):   # for testing purposes
AttributeError: 'MHScrapper' object has no attribute 'test'
2023-09-23 12:44:56,232 - MHScrapper - INFO - getting table tag element for page 20
2023-09-23 12:44:56,253 - MHScrapper - INFO - page:20, row:1
2023-09-23 12:44:56,962 - MHScrapper - INFO - page:20, row:2
2023-09-23 12:44:57,679 - MHScrapper - INFO - page:20, row:3
2023-09-23 12:44:58,439 - MHScrapper - INFO - page:20, row:4
2023-09-23 12:44:59,212 - MHScrapper - INFO - page:20, row:5
2023-09-23 12:44:59,910 - MHScrapper - ERROR - An error occurred while scraping the data
Traceback (most recent call last):
  File "C:\Users\HP\PycharmProjects\altschool-2nd-capstone\src\extraction_script.py", line 53, in scrape_mh_data
    if (self.test is True) and (self.current_page % 3 == 2):   # for testing purposes
AttributeError: 'MHScrapper' object has no attribute 'test'
2023-09-23 12:44:59,918 - MHScrapper - INFO - getting table tag element for page 20
2023-09-23 12:44:59,936 - MHScrapper - INFO - page:20, row:1
2023-09-23 12:45:00,752 - MHScrapper - INFO - page:20, row:2
2023-09-23 12:45:01,602 - MHScrapper - INFO - page:20, row:3
2023-09-23 12:45:02,262 - MHScrapper - INFO - page:20, row:4
2023-09-23 12:45:02,968 - MHScrapper - INFO - page:20, row:5
2023-09-23 12:45:03,639 - MHScrapper - ERROR - An error occurred while scraping the data
Traceback (most recent call last):
  File "C:\Users\HP\PycharmProjects\altschool-2nd-capstone\src\extraction_script.py", line 53, in scrape_mh_data
    if (self.test is True) and (self.current_page % 3 == 2):   # for testing purposes
AttributeError: 'MHScrapper' object has no attribute 'test'
2023-09-23 12:45:03,648 - MHScrapper - INFO - getting table tag element for page 20
2023-09-23 12:45:03,666 - MHScrapper - INFO - page:20, row:1
2023-09-23 12:45:09,700 - MHScrapper - INFO - Ministry of Health data scrapping has started test mode...
2023-09-23 12:45:16,744 - MHScrapper - INFO - getting table tag element for page 20
2023-09-23 12:45:16,777 - MHScrapper - INFO - page:20, row:1
2023-09-23 12:45:17,617 - MHScrapper - INFO - page:20, row:2
2023-09-23 12:45:18,344 - MHScrapper - INFO - page:20, row:3
2023-09-23 12:45:19,079 - MHScrapper - INFO - page:20, row:4
2023-09-23 12:45:19,800 - MHScrapper - INFO - page:20, row:5
2023-09-23 12:45:58,340 - MHScrapper - INFO - Ministry of Health data scrapping has started...
2023-09-23 12:46:07,816 - MHScrapper - INFO - getting table tag element for page 20
2023-09-23 12:46:07,847 - MHScrapper - INFO - page:20, row:1
2023-09-23 12:46:08,615 - MHScrapper - INFO - page:20, row:2
2023-09-23 12:46:09,342 - MHScrapper - INFO - page:20, row:3
2023-09-23 12:46:10,084 - MHScrapper - INFO - page:20, row:4
2023-09-23 12:46:10,789 - MHScrapper - INFO - page:20, row:5
2023-09-23 12:46:15,716 - MHScrapper - INFO - getting table tag element for page 21
2023-09-23 12:46:15,744 - MHScrapper - INFO - page:21, row:1
2023-09-23 12:46:16,483 - MHScrapper - INFO - page:21, row:2
2023-09-23 12:46:17,233 - MHScrapper - INFO - page:21, row:3
2023-09-23 12:46:17,970 - MHScrapper - INFO - page:21, row:4
2023-09-23 12:46:18,686 - MHScrapper - INFO - page:21, row:5
2023-09-23 12:46:23,615 - MHScrapper - INFO - getting table tag element for page 22
2023-09-23 12:46:23,635 - MHScrapper - INFO - page:22, row:1
2023-09-23 12:46:24,384 - MHScrapper - INFO - page:22, row:2
2023-09-23 12:46:25,145 - MHScrapper - INFO - page:22, row:3
2023-09-23 12:46:25,884 - MHScrapper - INFO - page:22, row:4
2023-09-23 12:46:26,629 - MHScrapper - INFO - page:22, row:5
2023-09-23 12:46:31,571 - MHScrapper - INFO - getting table tag element for page 23
2023-09-23 12:46:31,595 - MHScrapper - INFO - page:23, row:1
2023-09-23 12:46:32,354 - MHScrapper - INFO - page:23, row:2
2023-09-23 12:46:33,104 - MHScrapper - INFO - page:23, row:3
2023-09-23 12:46:33,852 - MHScrapper - INFO - page:23, row:4
2023-09-23 12:46:34,594 - MHScrapper - INFO - page:23, row:5
2023-09-23 12:47:06,626 - MHScrapper - INFO - Ministry of Health data scrapping has started test mode...
2023-09-23 12:47:14,003 - MHScrapper - INFO - getting table tag element for page 20
2023-09-23 12:47:14,035 - MHScrapper - INFO - page:20, row:1
2023-09-23 12:47:14,921 - MHScrapper - INFO - page:20, row:2
2023-09-23 12:47:15,708 - MHScrapper - INFO - page:20, row:3
2023-09-23 12:47:16,446 - MHScrapper - INFO - page:20, row:4
2023-09-23 12:47:17,221 - MHScrapper - INFO - page:20, row:5
2023-09-23 12:48:22,199 - MHScrapper - INFO - Ministry of Health data scrapping has started test mode...
2023-09-23 12:48:29,239 - MHScrapper - INFO - getting table tag element for page 18
2023-09-23 12:48:29,287 - MHScrapper - INFO - page:18, row:1
2023-09-23 12:48:30,353 - MHScrapper - INFO - page:18, row:2
2023-09-23 12:48:31,086 - MHScrapper - INFO - page:18, row:3
2023-09-23 12:48:31,789 - MHScrapper - INFO - page:18, row:4
2023-09-23 12:48:32,520 - MHScrapper - INFO - page:18, row:5
2023-09-23 12:48:37,626 - MHScrapper - INFO - getting table tag element for page 19
2023-09-23 12:48:37,645 - MHScrapper - INFO - page:19, row:1
2023-09-23 12:48:38,366 - MHScrapper - INFO - page:19, row:2
2023-09-23 12:48:39,087 - MHScrapper - INFO - page:19, row:3
2023-09-23 12:48:39,821 - MHScrapper - INFO - page:19, row:4
2023-09-23 12:48:40,576 - MHScrapper - INFO - page:19, row:5
2023-09-23 12:48:45,596 - MHScrapper - INFO - getting table tag element for page 20
2023-09-23 12:48:45,619 - MHScrapper - INFO - page:20, row:1
2023-09-23 12:48:46,289 - MHScrapper - INFO - page:20, row:2
2023-09-23 12:48:46,986 - MHScrapper - INFO - page:20, row:3
2023-09-23 12:48:47,759 - MHScrapper - INFO - page:20, row:4
2023-09-23 12:48:48,436 - MHScrapper - INFO - page:20, row:5
2023-09-23 15:11:09,011 - MHScrapper - INFO - Ministry of Health data scrapping has started test mode...
2023-09-23 15:11:16,320 - MHScrapper - INFO - getting table tag element for page 18
2023-09-23 15:11:16,350 - MHScrapper - INFO - page:18, row:1
2023-09-23 15:11:17,194 - MHScrapper - INFO - page:18, row:2
2023-09-23 15:11:17,934 - MHScrapper - INFO - page:18, row:3
2023-09-23 15:11:18,701 - MHScrapper - INFO - page:18, row:4
2023-09-23 15:11:19,337 - MHScrapper - INFO - page:18, row:5
2023-09-23 15:11:24,379 - MHScrapper - INFO - getting table tag element for page 19
2023-09-23 15:11:24,413 - MHScrapper - INFO - page:19, row:1
2023-09-23 15:11:25,165 - MHScrapper - INFO - page:19, row:2
2023-09-23 15:11:25,887 - MHScrapper - INFO - page:19, row:3
2023-09-23 15:11:26,638 - MHScrapper - INFO - page:19, row:4
2023-09-23 15:11:27,379 - MHScrapper - INFO - page:19, row:5
2023-09-23 15:11:32,604 - MHScrapper - INFO - getting table tag element for page 20
2023-09-23 15:11:32,627 - MHScrapper - INFO - page:20, row:1
2023-09-23 15:11:33,387 - MHScrapper - INFO - page:20, row:2
2023-09-23 15:11:34,063 - MHScrapper - INFO - page:20, row:3
2023-09-23 15:11:34,774 - MHScrapper - INFO - page:20, row:4
2023-09-23 15:11:35,431 - MHScrapper - INFO - page:20, row:5
2023-09-23 15:12:13,529 - MHScrapper - INFO - Ministry of Health data scrapping has started test mode...
2023-09-23 15:12:21,049 - MHScrapper - INFO - getting table tag element for page 18
2023-09-23 15:12:21,082 - MHScrapper - INFO - page:18, row:1
2023-09-23 15:12:21,977 - MHScrapper - INFO - page:18, row:2
2023-09-23 15:12:22,733 - MHScrapper - INFO - page:18, row:3
2023-09-23 15:12:23,445 - MHScrapper - INFO - page:18, row:4
2023-09-23 15:12:24,127 - MHScrapper - INFO - page:18, row:5
2023-09-23 15:12:29,278 - MHScrapper - INFO - getting table tag element for page 19
2023-09-23 15:12:29,309 - MHScrapper - INFO - page:19, row:1
2023-09-23 15:12:29,990 - MHScrapper - INFO - page:19, row:2
2023-09-23 15:12:30,731 - MHScrapper - INFO - page:19, row:3
2023-09-23 15:12:31,486 - MHScrapper - INFO - page:19, row:4
2023-09-23 15:12:32,243 - MHScrapper - INFO - page:19, row:5
2023-09-23 15:12:37,479 - MHScrapper - INFO - getting table tag element for page 20
2023-09-23 15:12:37,498 - MHScrapper - INFO - page:20, row:1
2023-09-23 15:12:38,240 - MHScrapper - INFO - page:20, row:2
2023-09-23 15:12:38,972 - MHScrapper - INFO - page:20, row:3
2023-09-23 15:12:39,725 - MHScrapper - INFO - page:20, row:4
2023-09-23 15:12:40,426 - MHScrapper - INFO - page:20, row:5
